0 info it worked if it ends with ok
1 verbose cli [ 'node', '/usr/local/bin/npm', 'install', 'http' ]
2 info using npm@1.1.48
3 info using node@v0.8.6
4 verbose config file /Users/Afont/.npmrc
5 verbose config file /usr/local/etc/npmrc
6 verbose config file /usr/local/lib/node_modules/npm/npmrc
7 verbose read json /Users/Afont/projects/livestream/package.json
8 verbose read json /Users/Afont/projects/livestream/node_modules/express/package.json
9 verbose read json /Users/Afont/projects/livestream/node_modules/mongodb/package.json
10 verbose from cache /Users/Afont/projects/livestream/package.json
11 verbose readDependencies using package.json deps
12 verbose cache add [ 'http', null ]
13 silly cache add name=undefined spec="http" args=["http",null]
14 verbose parsed url { pathname: 'http', path: 'http', href: 'http' }
15 silly lockFile 77b5f8e3-http http
16 verbose lock http /Users/Afont/.npm/77b5f8e3-http.lock
17 silly lockFile 77b5f8e3-http http
18 verbose addNamed [ 'http', '' ]
19 verbose addNamed [ null, '' ]
20 silly lockFile c1086ff9-http http@
21 verbose lock http@ /Users/Afont/.npm/c1086ff9-http.lock
22 silly addNameRange { name: 'http', range: '', hasData: false }
23 verbose url raw http
24 verbose url resolving [ 'https://registry.npmjs.org/', './http' ]
25 verbose url resolved https://registry.npmjs.org/http
26 info retry registry request attempt 1 at 00:56:37
27 http GET https://registry.npmjs.org/http
28 info retry will retry, error on last attempt: Error: SSL Error: CERT_UNTRUSTED
29 info retry registry request attempt 2 at 00:56:47
30 http GET https://registry.npmjs.org/http
31 info retry will retry, error on last attempt: Error: SSL Error: CERT_UNTRUSTED
32 info retry registry request attempt 3 at 00:57:48
33 http GET https://registry.npmjs.org/http
34 silly lockFile c1086ff9-http http@
35 error Error: SSL Error: CERT_UNTRUSTED
35 error     at ClientRequest.<anonymous> (/usr/local/lib/node_modules/npm/node_modules/request/main.js:440:26)
35 error     at ClientRequest.g (events.js:185:14)
35 error     at ClientRequest.EventEmitter.emit (events.js:88:17)
35 error     at HTTPParser.parserOnIncomingClient (http.js:1455:7)
35 error     at HTTPParser.parserOnHeadersComplete [as onHeadersComplete] (http.js:111:23)
35 error     at CleartextStream.socketOnData (http.js:1366:20)
35 error     at CleartextStream.CryptoStream._push (tls.js:485:27)
35 error     at SecurePair.cycle (tls.js:839:20)
35 error     at EncryptedStream.CryptoStream.write (tls.js:220:13)
35 error     at Socket.ondata (stream.js:38:26)
36 error If you need help, you may report this log at:
36 error     <http://github.com/isaacs/npm/issues>
36 error or email it to:
36 error     <npm-@googlegroups.com>
37 error System Darwin 13.0.0
38 error command "node" "/usr/local/bin/npm" "install" "http"
39 error cwd /Users/Afont/projects/livestream
40 error node -v v0.8.6
41 error npm -v 1.1.48
42 verbose exit [ 1, true ]
